---------- Date: 2016-05-30 02:39:55 ~ IP : 192.168.0.10 ----------
REQUEST URI : /public_html/index.php?route=account/login
MOD DETAILS:
   modFile   : /var/www/bitbanks/vqmod/xml/news.xml
   id        : News
   version   : OC 2.x
   vqmver    : 2.0.0
   author    : Equotix

File Name    : catalog/view/theme/*/template/common/footer.tpl(0)
VQModObject::applyMod - SEARCH NOT FOUND (ABORTING MOD): <li><a href="<?php echo $voucher; ?>"><?php echo $text_voucher; ?></a></li>

MOD DETAILS:
   modFile   : /var/www/bitbanks/vqmod/xml/simple_blog_catalog.xml
   id        : VQMOD CORE FOR OPENCART - DO NOT REMOVE
   version   : 1.4.x and 1.5.x
   vqmver    : 2.4.0
   author    : Opcrat

File Name    : catalog/view/theme/*/template/common/footer.tpl(0)
VQModObject::applyMod - SEARCH NOT FOUND (ABORTING MOD): <?php echo $special; ?>

----------------------------------------------------------------------


---------- Date: 2016-05-30 02:40:17 ~ IP : 192.168.0.10 ----------
REQUEST URI : /public_html/index.php?route=account/login
MOD DETAILS:
   modFile   : /var/www/bitbanks/vqmod/xml/news.xml
   id        : News
   version   : OC 2.x
   vqmver    : 2.0.0
   author    : Equotix

File Name    : catalog/view/theme/*/template/common/footer.tpl(0)
VQModObject::applyMod - SEARCH NOT FOUND (ABORTING MOD): <li><a href="<?php echo $voucher; ?>"><?php echo $text_voucher; ?></a></li>

MOD DETAILS:
   modFile   : /var/www/bitbanks/vqmod/xml/simple_blog_catalog.xml
   id        : VQMOD CORE FOR OPENCART - DO NOT REMOVE
   version   : 1.4.x and 1.5.x
   vqmver    : 2.4.0
   author    : Opcrat

File Name    : catalog/view/theme/*/template/common/footer.tpl(0)
VQModObject::applyMod - SEARCH NOT FOUND (ABORTING MOD): <?php echo $special; ?>

----------------------------------------------------------------------


---------- Date: 2016-05-30 02:40:22 ~ IP : 192.168.0.10 ----------
REQUEST URI : /public_html/index.php?route=account/login
MOD DETAILS:
   modFile   : /var/www/bitbanks/vqmod/xml/news.xml
   id        : News
   version   : OC 2.x
   vqmver    : 2.0.0
   author    : Equotix

File Name    : catalog/view/theme/*/template/common/footer.tpl(0)
VQModObject::applyMod - SEARCH NOT FOUND (ABORTING MOD): <li><a href="<?php echo $voucher; ?>"><?php echo $text_voucher; ?></a></li>

MOD DETAILS:
   modFile   : /var/www/bitbanks/vqmod/xml/simple_blog_catalog.xml
   id        : VQMOD CORE FOR OPENCART - DO NOT REMOVE
   version   : 1.4.x and 1.5.x
   vqmver    : 2.4.0
   author    : Opcrat

File Name    : catalog/view/theme/*/template/common/footer.tpl(0)
VQModObject::applyMod - SEARCH NOT FOUND (ABORTING MOD): <?php echo $special; ?>

----------------------------------------------------------------------


---------- Date: 2016-05-30 02:40:32 ~ IP : 192.168.0.10 ----------
REQUEST URI : /public_html/index.php?route=account/dashboard
MOD DETAILS:
   modFile   : /var/www/bitbanks/vqmod/xml/news.xml
   id        : News
   version   : OC 2.x
   vqmver    : 2.0.0
   author    : Equotix

File Name    : catalog/view/theme/*/template/common/footer.tpl(0)
VQModObject::applyMod - SEARCH NOT FOUND (ABORTING MOD): <li><a href="<?php echo $voucher; ?>"><?php echo $text_voucher; ?></a></li>

MOD DETAILS:
   modFile   : /var/www/bitbanks/vqmod/xml/simple_blog_catalog.xml
   id        : VQMOD CORE FOR OPENCART - DO NOT REMOVE
   version   : 1.4.x and 1.5.x
   vqmver    : 2.4.0
   author    : Opcrat

File Name    : catalog/view/theme/*/template/common/footer.tpl(0)
VQModObject::applyMod - SEARCH NOT FOUND (ABORTING MOD): <?php echo $special; ?>

----------------------------------------------------------------------


---------- Date: 2016-05-30 02:40:33 ~ IP : 192.168.0.10 ----------
REQUEST URI : /public_html/index.php?route=account/dashboard
MOD DETAILS:
   modFile   : /var/www/bitbanks/vqmod/xml/news.xml
   id        : News
   version   : OC 2.x
   vqmver    : 2.0.0
   author    : Equotix

File Name    : catalog/view/theme/*/template/common/footer.tpl(0)
VQModObject::applyMod - SEARCH NOT FOUND (ABORTING MOD): <li><a href="<?php echo $voucher; ?>"><?php echo $text_voucher; ?></a></li>

MOD DETAILS:
   modFile   : /var/www/bitbanks/vqmod/xml/simple_blog_catalog.xml
   id        : VQMOD CORE FOR OPENCART - DO NOT REMOVE
   version   : 1.4.x and 1.5.x
   vqmver    : 2.4.0
   author    : Opcrat

File Name    : catalog/view/theme/*/template/common/footer.tpl(0)
VQModObject::applyMod - SEARCH NOT FOUND (ABORTING MOD): <?php echo $special; ?>

----------------------------------------------------------------------


---------- Date: 2016-05-30 02:40:34 ~ IP : 192.168.0.10 ----------
REQUEST URI : /public_html/index.php?route=account/personal
MOD DETAILS:
   modFile   : /var/www/bitbanks/vqmod/xml/news.xml
   id        : News
   version   : OC 2.x
   vqmver    : 2.0.0
   author    : Equotix

File Name    : catalog/view/theme/*/template/common/footer.tpl(0)
VQModObject::applyMod - SEARCH NOT FOUND (ABORTING MOD): <li><a href="<?php echo $voucher; ?>"><?php echo $text_voucher; ?></a></li>

MOD DETAILS:
   modFile   : /var/www/bitbanks/vqmod/xml/simple_blog_catalog.xml
   id        : VQMOD CORE FOR OPENCART - DO NOT REMOVE
   version   : 1.4.x and 1.5.x
   vqmver    : 2.4.0
   author    : Opcrat

File Name    : catalog/view/theme/*/template/common/footer.tpl(0)
VQModObject::applyMod - SEARCH NOT FOUND (ABORTING MOD): <?php echo $special; ?>

----------------------------------------------------------------------


---------- Date: 2016-05-30 02:40:42 ~ IP : 192.168.0.10 ----------
REQUEST URI : /public_html/index.php?route=account/dashboard
MOD DETAILS:
   modFile   : /var/www/bitbanks/vqmod/xml/news.xml
   id        : News
   version   : OC 2.x
   vqmver    : 2.0.0
   author    : Equotix

File Name    : catalog/view/theme/*/template/common/footer.tpl(0)
VQModObject::applyMod - SEARCH NOT FOUND (ABORTING MOD): <li><a href="<?php echo $voucher; ?>"><?php echo $text_voucher; ?></a></li>

MOD DETAILS:
   modFile   : /var/www/bitbanks/vqmod/xml/simple_blog_catalog.xml
   id        : VQMOD CORE FOR OPENCART - DO NOT REMOVE
   version   : 1.4.x and 1.5.x
   vqmver    : 2.4.0
   author    : Opcrat

File Name    : catalog/view/theme/*/template/common/footer.tpl(0)
VQModObject::applyMod - SEARCH NOT FOUND (ABORTING MOD): <?php echo $special; ?>

----------------------------------------------------------------------


---------- Date: 2016-05-30 02:40:42 ~ IP : 192.168.0.10 ----------
REQUEST URI : /public_html/index.php?route=account/dashboard
MOD DETAILS:
   modFile   : /var/www/bitbanks/vqmod/xml/news.xml
   id        : News
   version   : OC 2.x
   vqmver    : 2.0.0
   author    : Equotix

File Name    : catalog/view/theme/*/template/common/footer.tpl(0)
VQModObject::applyMod - SEARCH NOT FOUND (ABORTING MOD): <li><a href="<?php echo $voucher; ?>"><?php echo $text_voucher; ?></a></li>

MOD DETAILS:
   modFile   : /var/www/bitbanks/vqmod/xml/simple_blog_catalog.xml
   id        : VQMOD CORE FOR OPENCART - DO NOT REMOVE
   version   : 1.4.x and 1.5.x
   vqmver    : 2.4.0
   author    : Opcrat

File Name    : catalog/view/theme/*/template/common/footer.tpl(0)
VQModObject::applyMod - SEARCH NOT FOUND (ABORTING MOD): <?php echo $special; ?>

----------------------------------------------------------------------


